0 info it worked if it ends with ok
1 verbose cli [ 'C:\\Program Files\\nodejs\\node.exe',
1 verbose cli   'C:\\Program Files\\nodejs\\node_modules\\npm\\bin\\npm-cli.js',
1 verbose cli   'run',
1 verbose cli   'webpack' ]
2 info using npm@3.10.10
3 info using node@v6.9.5
4 verbose run-script [ 'prewebpack', 'webpack', 'postwebpack' ]
5 info lifecycle project01@1.0.0~prewebpack: project01@1.0.0
6 silly lifecycle project01@1.0.0~prewebpack: no script for prewebpack, continuing
7 info lifecycle project01@1.0.0~webpack: project01@1.0.0
8 verbose lifecycle project01@1.0.0~webpack: unsafe-perm in lifecycle true
9 verbose lifecycle project01@1.0.0~webpack: PATH: C:\Program Files\nodejs\node_modules\npm\bin\node-gyp-bin;G:\workspace\my_github\first_project\node_modules\.bin;C:\Program Files (x86)\Google\Chrome\Application;C:\Windows\system32;C:\Windows;C:\Windows\System32\Wbem;C:\Windows\System32\WindowsPowerShell\v1.0\;C:\Program Files (x86)\NVIDIA Corporation\PhysX\Common;C:\Windows\system32;C:\Windows;C:\Windows\System32\Wbem;;%JAVA_HOME%\bin;%JAVA_HOME%\jre\bin;C:\xampp\mysql\bin;F:\TortoiseSVN\bin;C:\Program Files\nodejs\;C:\Users\Administrator\AppData\Roaming\npm;C:\Users\Administrator\AppData\Local\atom\bin
10 verbose lifecycle project01@1.0.0~webpack: CWD: G:\workspace\my_github\first_project
11 silly lifecycle project01@1.0.0~webpack: Args: [ '/d /s /c',
11 silly lifecycle   'webpack --config ./build/webpack.config.js --progress' ]
12 silly lifecycle project01@1.0.0~webpack: Returned: code: 1  signal: null
13 info lifecycle project01@1.0.0~webpack: Failed to exec webpack script
14 verbose stack Error: project01@1.0.0 webpack: `webpack --config ./build/webpack.config.js --progress`
14 verbose stack Exit status 1
14 verbose stack     at EventEmitter.<anonymous> (C:\Program Files\nodejs\node_modules\npm\lib\utils\lifecycle.js:255:16)
14 verbose stack     at emitTwo (events.js:106:13)
14 verbose stack     at EventEmitter.emit (events.js:191:7)
14 verbose stack     at ChildProcess.<anonymous> (C:\Program Files\nodejs\node_modules\npm\lib\utils\spawn.js:40:14)
14 verbose stack     at emitTwo (events.js:106:13)
14 verbose stack     at ChildProcess.emit (events.js:191:7)
14 verbose stack     at maybeClose (internal/child_process.js:877:16)
14 verbose stack     at Process.ChildProcess._handle.onexit (internal/child_process.js:226:5)
15 verbose pkgid project01@1.0.0
16 verbose cwd G:\workspace\my_github\first_project
17 error Windows_NT 6.1.7601
18 error argv "C:\\Program Files\\nodejs\\node.exe" "C:\\Program Files\\nodejs\\node_modules\\npm\\bin\\npm-cli.js" "run" "webpack"
19 error node v6.9.5
20 error npm  v3.10.10
21 error code ELIFECYCLE
22 error project01@1.0.0 webpack: `webpack --config ./build/webpack.config.js --progress`
22 error Exit status 1
23 error Failed at the project01@1.0.0 webpack script 'webpack --config ./build/webpack.config.js --progress'.
23 error Make sure you have the latest version of node.js and npm installed.
23 error If you do, this is most likely a problem with the project01 package,
23 error not with npm itself.
23 error Tell the author that this fails on your system:
23 error     webpack --config ./build/webpack.config.js --progress
23 error You can get information on how to open an issue for this project with:
23 error     npm bugs project01
23 error Or if that isn't available, you can get their info via:
23 error     npm owner ls project01
23 error There is likely additional logging output above.
24 verbose exit [ 1, true ]
